<?xml version="1.0" encoding="UTF-8"?>
<!-- Generated by org.testng.reporters.JUnitXMLReporter -->
<testsuite ignored="1" hostname="DESKTOP-SFL0C3K" failures="0" tests="1" name="Test" time="93.25" errors="0" timestamp="2023-04-08T19:04:32 IST">
  <testcase classname="Vtiger.Organization.Tests.CreateOrganizationTest" name="createOrgTest" time="30.485"/>
  <testcase classname="Vtiger.Organization.Tests.CreateOrganizationTest" name="demo" time="0.0">
    <ignored/>
  </testcase> <!-- demo -->
</testsuite> <!-- Test -->
