<?xml version="1.0" encoding="UTF-8"?>
<testng-results skipped="0" failed="0" ignored="0" total="1" passed="1">
  <reporter-output>
  </reporter-output>
  <suite name="Default suite" duration-ms="308" started-at="2023-04-10T11:02:14 IST" finished-at="2023-04-10T11:02:14 IST">
    <groups>
    </groups>
    <test name="Default test" duration-ms="308" started-at="2023-04-10T11:02:14 IST" finished-at="2023-04-10T11:02:14 IST">
      <class name="Vtiger.Practice.ReadDataFromcmdLine">
        <test-method status="PASS" signature="test()[pri:0, instance:Vtiger.Practice.ReadDataFromcmdLine@52f759d7]" name="test" duration-ms="20" started-at="2023-04-10T11:02:14 IST" finished-at="2023-04-10T11:02:14 IST">
          <reporter-output>
          </reporter-output>
        </test-method> <!-- test -->
      </class> <!-- Vtiger.Practice.ReadDataFromcmdLine -->
    </test> <!-- Default test -->
  </suite> <!-- Default suite -->
</testng-results>
